mode: set
github.com/nisitk/go-laravel/celeritas/session/session.go:20.53,27.16 3 1
github.com/nisitk/go-laravel/celeritas/session/session.go:32.2,32.48 1 1
github.com/nisitk/go-laravel/celeritas/session/session.go:39.2,39.49 1 1
github.com/nisitk/go-laravel/celeritas/session/session.go:47.2,58.40 8 1
github.com/nisitk/go-laravel/celeritas/session/session.go:69.2,69.16 1 1
github.com/nisitk/go-laravel/celeritas/session/session.go:27.16,29.3 1 0
github.com/nisitk/go-laravel/celeritas/session/session.go:32.48,34.3 1 1
github.com/nisitk/go-laravel/celeritas/session/session.go:34.8,36.3 1 0
github.com/nisitk/go-laravel/celeritas/session/session.go:39.49,41.3 1 0
github.com/nisitk/go-laravel/celeritas/session/session.go:41.8,43.3 1 1
github.com/nisitk/go-laravel/celeritas/session/session.go:59.15,59.15 0 0
github.com/nisitk/go-laravel/celeritas/session/session.go:61.26,61.26 0 0
github.com/nisitk/go-laravel/celeritas/session/session.go:63.33,63.33 0 0
github.com/nisitk/go-laravel/celeritas/session/session.go:65.10,65.10 0 1
github.com/nisitk/go-laravel/celeritas/render/render.go:36.111,37.37 1 1
github.com/nisitk/go-laravel/celeritas/render/render.go:49.2,49.48 1 1
github.com/nisitk/go-laravel/celeritas/render/render.go:39.12,40.36 1 1
github.com/nisitk/go-laravel/celeritas/render/render.go:42.25,43.48 1 1
github.com/nisitk/go-laravel/celeritas/render/render.go:45.10,45.10 0 1
github.com/nisitk/go-laravel/celeritas/render/render.go:52.102,55.16 2 1
github.com/nisitk/go-laravel/celeritas/render/render.go:59.2,61.17 2 1
github.com/nisitk/go-laravel/celeritas/render/render.go:65.2,66.16 2 1
github.com/nisitk/go-laravel/celeritas/render/render.go:69.2,69.12 1 1
github.com/nisitk/go-laravel/celeritas/render/render.go:55.16,57.3 1 1
github.com/nisitk/go-laravel/celeritas/render/render.go:61.17,63.3 1 0
github.com/nisitk/go-laravel/celeritas/render/render.go:66.16,68.3 1 0
github.com/nisitk/go-laravel/celeritas/render/render.go:74.122,77.22 2 1
github.com/nisitk/go-laravel/celeritas/render/render.go:83.2,84.17 2 1
github.com/nisitk/go-laravel/celeritas/render/render.go:88.2,89.16 2 1
github.com/nisitk/go-laravel/celeritas/render/render.go:94.2,94.46 1 1
github.com/nisitk/go-laravel/celeritas/render/render.go:98.2,98.12 1 1
github.com/nisitk/go-laravel/celeritas/render/render.go:77.22,79.3 1 1
github.com/nisitk/go-laravel/celeritas/render/render.go:79.8,81.3 1 0
github.com/nisitk/go-laravel/celeritas/render/render.go:84.17,86.3 1 0
github.com/nisitk/go-laravel/celeritas/render/render.go:89.16,92.3 2 1
github.com/nisitk/go-laravel/celeritas/render/render.go:94.46,97.3 2 0
